2013/11/10 12:36:52 [error] [php] date(): It is not safe to rely on the system's timezone settings. You are *required* to use the date.timezone setting or the date_default_timezone_set() function. In case you used any of those methods and you are still getting this warning, you most likely misspelled the timezone identifier. We selected the timezone 'UTC' for now, but please set date.timezone to select your timezone. (/var/www/protected/views/layouts/main.php:51)
Stack trace:
#0 /var/www/framework/web/CBaseController.php(95): SiteController->renderInternal()
#1 /var/www/framework/web/widgets/CContentDecorator.php(76): SiteController->renderFile()
#2 /var/www/framework/web/widgets/CContentDecorator.php(54): CContentDecorator->decorate()
#3 /var/www/framework/web/widgets/COutputProcessor.php(44): CContentDecorator->processOutput()
#4 /var/www/framework/web/CBaseController.php(206): CContentDecorator->run()
#5 /var/www/framework/web/CBaseController.php(300): SiteController->endWidget()
#6 /var/www/protected/views/layouts/column1.php(6): SiteController->endContent()
#7 /var/www/framework/web/CBaseController.php(126): require()
#8 /var/www/framework/web/CBaseController.php(95): SiteController->renderInternal()
#9 /var/www/framework/web/CController.php(784): SiteController->renderFile()
#10 /var/www/protected/controllers/SiteController.php(32): SiteController->render()
#11 /var/www/framework/web/actions/CInlineAction.php(49): SiteController->actionIndex()
#12 /var/www/framework/web/CController.php(308): CInlineAction->runWithParams()
#13 /var/www/framework/web/CController.php(286): SiteController->runAction()
#14 /var/www/framework/web/CController.php(265): SiteController->runActionWithFilters()
#15 /var/www/framework/web/CWebApplication.php(282): SiteController->run()
#16 /var/www/framework/web/CWebApplication.php(141): CWebApplication->runController()
#17 /var/www/framework/base/CApplication.php(180): CWebApplication->processRequest()
#18 /var/www/index.php(13): CWebApplication->run()
REQUEST_URI=/index.php
in /var/www/protected/views/layouts/main.php (51)
in /var/www/protected/views/layouts/column1.php (6)
in /var/www/protected/controllers/SiteController.php (32)
2013/11/10 12:36:55 [error] [php] date(): It is not safe to rely on the system's timezone settings. You are *required* to use the date.timezone setting or the date_default_timezone_set() function. In case you used any of those methods and you are still getting this warning, you most likely misspelled the timezone identifier. We selected the timezone 'UTC' for now, but please set date.timezone to select your timezone. (/var/www/protected/views/layouts/main.php:51)
Stack trace:
#0 /var/www/framework/web/CBaseController.php(95): SiteController->renderInternal()
#1 /var/www/framework/web/widgets/CContentDecorator.php(76): SiteController->renderFile()
#2 /var/www/framework/web/widgets/CContentDecorator.php(54): CContentDecorator->decorate()
#3 /var/www/framework/web/widgets/COutputProcessor.php(44): CContentDecorator->processOutput()
#4 /var/www/framework/web/CBaseController.php(206): CContentDecorator->run()
#5 /var/www/framework/web/CBaseController.php(300): SiteController->endWidget()
#6 /var/www/protected/views/layouts/column1.php(6): SiteController->endContent()
#7 /var/www/framework/web/CBaseController.php(126): require()
#8 /var/www/framework/web/CBaseController.php(95): SiteController->renderInternal()
#9 /var/www/framework/web/CController.php(784): SiteController->renderFile()
#10 /var/www/protected/controllers/SiteController.php(32): SiteController->render()
#11 /var/www/framework/web/actions/CInlineAction.php(49): SiteController->actionIndex()
#12 /var/www/framework/web/CController.php(308): CInlineAction->runWithParams()
#13 /var/www/framework/web/CController.php(286): SiteController->runAction()
#14 /var/www/framework/web/CController.php(265): SiteController->runActionWithFilters()
#15 /var/www/framework/web/CWebApplication.php(282): SiteController->run()
#16 /var/www/framework/web/CWebApplication.php(141): CWebApplication->runController()
#17 /var/www/framework/base/CApplication.php(180): CWebApplication->processRequest()
#18 /var/www/index.php(13): CWebApplication->run()
REQUEST_URI=/
in /var/www/protected/views/layouts/main.php (51)
in /var/www/protected/views/layouts/column1.php (6)
in /var/www/protected/controllers/SiteController.php (32)
2013/11/12 23:01:09 [error] [exception.CHttpException.404] exception 'CHttpException' with message 'Unable to resolve the request "?r=gii".' in /var/www/framework/web/CWebApplication.php:286
Stack trace:
#0 /var/www/framework/web/CWebApplication.php(141): CWebApplication->runController('?r=gii')
#1 /var/www/framework/base/CApplication.php(180): CWebApplication->processRequest()
#2 /var/www/index.php(13): CApplication->run()
#3 {main}
REQUEST_URI=/index.php?r=?r=gii
---
2013/11/12 23:20:54 [error] [exception.CHttpException.404] exception 'CHttpException' with message 'The requested page does not exist.' in /var/www/protected/controllers/UserController.php:157
Stack trace:
#0 /var/www/protected/controllers/UserController.php(55): UserController->loadModel('2')
#1 [internal function]: UserController->actionView('2')
#2 /var/www/framework/web/actions/CAction.php(108): ReflectionMethod->invokeArgs(Object(UserController), Array)
#3 /var/www/framework/web/actions/CInlineAction.php(47): CAction->runWithParamsInternal(Object(UserController), Object(ReflectionMethod), Array)
#4 /var/www/framework/web/CController.php(308): CInlineAction->runWithParams(Array)
#5 /var/www/framework/web/filters/CFilterChain.php(133): CController->runAction(Object(CInlineAction))
#6 /var/www/framework/web/filters/CFilter.php(40): CFilterChain->run()
#7 /var/www/framework/web/CController.php(1145): CFilter->filter(Object(CFilterChain))
#8 /var/www/framework/web/filters/CInlineFilter.php(58): CController->filterAccessControl(Object(CFilterChain))
#9 /var/www/framework/web/filters/CFilterChain.php(130): CInlineFilter->filter(Object(CFilterChain))
#10 /var/www/framework/web/CController.php(291): CFilterChain->run()
#11 /var/www/framework/web/CController.php(265): CController->runActionWithFilters(Object(CInlineAction), Array)
#12 /var/www/framework/web/CWebApplication.php(282): CController->run('view')
#13 /var/www/framework/web/CWebApplication.php(141): CWebApplication->runController('user/view')
#14 /var/www/framework/base/CApplication.php(180): CWebApplication->processRequest()
#15 /var/www/index.php(13): CApplication->run()
#16 {main}
REQUEST_URI=/index.php?r=user/view&id=2
---
2013/11/12 23:26:41 [error] [exception.CException] exception 'CException' with message 'Please specify the "data" property.' in /var/www/framework/zii/widgets/CDetailView.php:137
Stack trace:
#0 /var/www/framework/web/CBaseController.php(147): CDetailView->init()
#1 /var/www/framework/web/CBaseController.php(172): CBaseController->createWidget('zii.widgets.CDe...', Array)
#2 /var/www/protected/views/user/view.php(29): CBaseController->widget('zii.widgets.CDe...', Array)
#3 /var/www/framework/web/CBaseController.php(126): require('/var/www/protec...')
#4 /var/www/framework/web/CBaseController.php(95): CBaseController->renderInternal('/var/www/protec...', Array, true)
#5 /var/www/framework/web/CController.php(869): CBaseController->renderFile('/var/www/protec...', Array, true)
#6 /var/www/framework/web/CController.php(782): CController->renderPartial('view', Array, true)
#7 /var/www/protected/controllers/UserController.php(56): CController->render('view', Array)
#8 [internal function]: UserController->actionView('1')
#9 /var/www/framework/web/actions/CAction.php(108): ReflectionMethod->invokeArgs(Object(UserController), Array)
#10 /var/www/framework/web/actions/CInlineAction.php(47): CAction->runWithParamsInternal(Object(UserController), Object(ReflectionMethod), Array)
#11 /var/www/framework/web/CController.php(308): CInlineAction->runWithParams(Array)
#12 /var/www/framework/web/filters/CFilterChain.php(133): CController->runAction(Object(CInlineAction))
#13 /var/www/framework/web/filters/CFilter.php(40): CFilterChain->run()
#14 /var/www/framework/web/CController.php(1145): CFilter->filter(Object(CFilterChain))
#15 /var/www/framework/web/filters/CInlineFilter.php(58): CController->filterAccessControl(Object(CFilterChain))
#16 /var/www/framework/web/filters/CFilterChain.php(130): CInlineFilter->filter(Object(CFilterChain))
#17 /var/www/framework/web/CController.php(291): CFilterChain->run()
#18 /var/www/framework/web/CController.php(265): CController->runActionWithFilters(Object(CInlineAction), Array)
#19 /var/www/framework/web/CWebApplication.php(282): CController->run('view')
#20 /var/www/framework/web/CWebApplication.php(141): CWebApplication->runController('user/view')
#21 /var/www/framework/base/CApplication.php(180): CWebApplication->processRequest()
#22 /var/www/index.php(13): CApplication->run()
#23 {main}
REQUEST_URI=/index.php?r=user/view&id=1
HTTP_REFERER=http://localhost/index.php?r=user/admin
---
2013/11/12 23:30:58 [error] [exception.CHttpException.400] exception 'CHttpException' with message 'Your request is invalid.' in /var/www/framework/web/CController.php:336
Stack trace:
#0 /var/www/framework/web/CController.php(309): CController->invalidActionParams(Object(CInlineAction))
#1 /var/www/framework/web/filters/CFilterChain.php(133): CController->runAction(Object(CInlineAction))
#2 /var/www/framework/web/filters/CFilter.php(40): CFilterChain->run()
#3 /var/www/framework/web/CController.php(1145): CFilter->filter(Object(CFilterChain))
#4 /var/www/framework/web/filters/CInlineFilter.php(58): CController->filterAccessControl(Object(CFilterChain))
#5 /var/www/framework/web/filters/CFilterChain.php(130): CInlineFilter->filter(Object(CFilterChain))
#6 /var/www/framework/web/CController.php(291): CFilterChain->run()
#7 /var/www/framework/web/CController.php(265): CController->runActionWithFilters(Object(CInlineAction), Array)
#8 /var/www/framework/web/CWebApplication.php(282): CController->run('view')
#9 /var/www/framework/web/CWebApplication.php(141): CWebApplication->runController('user/view')
#10 /var/www/framework/base/CApplication.php(180): CWebApplication->processRequest()
#11 /var/www/index.php(13): CApplication->run()
#12 {main}
REQUEST_URI=/index.php?r=user/view
HTTP_REFERER=http://localhost/index.php?r=user/view&id=1
---
2013/11/12 23:31:01 [error] [exception.CHttpException.400] exception 'CHttpException' with message 'Your request is invalid.' in /var/www/framework/web/CController.php:336
Stack trace:
#0 /var/www/framework/web/CController.php(309): CController->invalidActionParams(Object(CInlineAction))
#1 /var/www/framework/web/filters/CFilterChain.php(133): CController->runAction(Object(CInlineAction))
#2 /var/www/framework/web/filters/CFilter.php(40): CFilterChain->run()
#3 /var/www/framework/web/CController.php(1145): CFilter->filter(Object(CFilterChain))
#4 /var/www/framework/web/filters/CInlineFilter.php(58): CController->filterAccessControl(Object(CFilterChain))
#5 /var/www/framework/web/filters/CFilterChain.php(130): CInlineFilter->filter(Object(CFilterChain))
#6 /var/www/framework/web/CController.php(291): CFilterChain->run()
#7 /var/www/framework/web/CController.php(265): CController->runActionWithFilters(Object(CInlineAction), Array)
#8 /var/www/framework/web/CWebApplication.php(282): CController->run('view')
#9 /var/www/framework/web/CWebApplication.php(141): CWebApplication->runController('user/view')
#10 /var/www/framework/base/CApplication.php(180): CWebApplication->processRequest()
#11 /var/www/index.php(13): CApplication->run()
#12 {main}
REQUEST_URI=/index.php?r=user/view
HTTP_REFERER=http://localhost/index.php?r=user/view&id=1
---
2013/11/12 23:31:10 [error] [exception.CHttpException.400] exception 'CHttpException' with message 'Your request is invalid.' in /var/www/framework/web/CController.php:336
Stack trace:
#0 /var/www/framework/web/CController.php(309): CController->invalidActionParams(Object(CInlineAction))
#1 /var/www/framework/web/filters/CFilterChain.php(133): CController->runAction(Object(CInlineAction))
#2 /var/www/framework/web/filters/CFilter.php(40): CFilterChain->run()
#3 /var/www/framework/web/CController.php(1145): CFilter->filter(Object(CFilterChain))
#4 /var/www/framework/web/filters/CInlineFilter.php(58): CController->filterAccessControl(Object(CFilterChain))
#5 /var/www/framework/web/filters/CFilterChain.php(130): CInlineFilter->filter(Object(CFilterChain))
#6 /var/www/framework/web/CController.php(291): CFilterChain->run()
#7 /var/www/framework/web/CController.php(265): CController->runActionWithFilters(Object(CInlineAction), Array)
#8 /var/www/framework/web/CWebApplication.php(282): CController->run('view')
#9 /var/www/framework/web/CWebApplication.php(141): CWebApplication->runController('user/view')
#10 /var/www/framework/base/CApplication.php(180): CWebApplication->processRequest()
#11 /var/www/index.php(13): CApplication->run()
#12 {main}
REQUEST_URI=/index.php?r=user/view
---
2013/11/12 23:35:09 [error] [php] Missing argument 1 for CActiveDataProvider::__construct(), called in /var/www/protected/controllers/UserController.php on line 125 and defined (/var/www/framework/web/CActiveDataProvider.php:82)
Stack trace:
#0 /var/www/framework/web/CController.php(308): CInlineAction->runWithParams()
#1 /var/www/framework/web/filters/CFilterChain.php(133): UserController->runAction()
#2 /var/www/framework/web/filters/CFilter.php(40): CFilterChain->run()
#3 /var/www/framework/web/CController.php(1145): CAccessControlFilter->filter()
#4 /var/www/framework/web/filters/CInlineFilter.php(58): UserController->filterAccessControl()
#5 /var/www/framework/web/filters/CFilterChain.php(130): CInlineFilter->filter()
#6 /var/www/framework/web/CController.php(291): CFilterChain->run()
#7 /var/www/framework/web/CController.php(265): UserController->runActionWithFilters()
#8 /var/www/framework/web/CWebApplication.php(282): UserController->run()
#9 /var/www/framework/web/CWebApplication.php(141): CWebApplication->runController()
#10 /var/www/framework/base/CApplication.php(180): CWebApplication->processRequest()
#11 /var/www/index.php(13): CWebApplication->run()
REQUEST_URI=/index.php?r=user/index
in /var/www/protected/controllers/UserController.php (125)
in /var/www/index.php (13)
2013/11/12 23:35:39 [error] [exception.CException] exception 'CException' with message 'LoginForm and its behaviors do not have a method or closure named "getDbCriteria".' in /var/www/framework/base/CComponent.php:266
Stack trace:
#0 /var/www/framework/web/CActiveDataProvider.php(225): CComponent->__call('getDbCriteria', Array)
#1 /var/www/framework/web/CActiveDataProvider.php(225): LoginForm->getDbCriteria(false)
#2 /var/www/framework/web/CDataProvider.php(224): CActiveDataProvider->calculateTotalItemCount()
#3 /var/www/framework/web/CActiveDataProvider.php(178): CDataProvider->getTotalItemCount()
#4 /var/www/framework/web/CDataProvider.php(168): CActiveDataProvider->fetchData()
#5 /var/www/framework/zii/widgets/CBaseListView.php(111): CDataProvider->getData()
#6 /var/www/framework/zii/widgets/CListView.php(211): CBaseListView->init()
#7 /var/www/framework/web/CBaseController.php(147): CListView->init()
#8 /var/www/framework/web/CBaseController.php(172): CBaseController->createWidget('zii.widgets.CLi...', Array)
#9 /var/www/protected/views/user/index.php(20): CBaseController->widget('zii.widgets.CLi...', Array)
#10 /var/www/framework/web/CBaseController.php(126): require('/var/www/protec...')
#11 /var/www/framework/web/CBaseController.php(95): CBaseController->renderInternal('/var/www/protec...', Array, true)
#12 /var/www/framework/web/CController.php(869): CBaseController->renderFile('/var/www/protec...', Array, true)
#13 /var/www/framework/web/CController.php(782): CController->renderPartial('index', Array, true)
#14 /var/www/protected/controllers/UserController.php(128): CController->render('index', Array)
#15 /var/www/framework/web/actions/CInlineAction.php(49): UserController->actionIndex()
#16 /var/www/framework/web/CController.php(308): CInlineAction->runWithParams(Array)
#17 /var/www/framework/web/filters/CFilterChain.php(133): CController->runAction(Object(CInlineAction))
#18 /var/www/framework/web/filters/CFilter.php(40): CFilterChain->run()
#19 /var/www/framework/web/CController.php(1145): CFilter->filter(Object(CFilterChain))
#20 /var/www/framework/web/filters/CInlineFilter.php(58): CController->filterAccessControl(Object(CFilterChain))
#21 /var/www/framework/web/filters/CFilterChain.php(130): CInlineFilter->filter(Object(CFilterChain))
#22 /var/www/framework/web/CController.php(291): CFilterChain->run()
#23 /var/www/framework/web/CController.php(265): CController->runActionWithFilters(Object(CInlineAction), Array)
#24 /var/www/framework/web/CWebApplication.php(282): CController->run('index')
#25 /var/www/framework/web/CWebApplication.php(141): CWebApplication->runController('user/index')
#26 /var/www/framework/base/CApplication.php(180): CWebApplication->processRequest()
#27 /var/www/index.php(13): CApplication->run()
#28 {main}
REQUEST_URI=/index.php?r=user/index
HTTP_REFERER=http://localhost/index.php?r=user/view&id=1
---
2014/01/30 11:53:58 [error] [php] date(): It is not safe to rely on the system's timezone settings. You are *required* to use the date.timezone setting or the date_default_timezone_set() function. In case you used any of those methods and you are still getting this warning, you most likely misspelled the timezone identifier. We selected 'America/New_York' for 'EST/-5.0/no DST' instead (/var/lib/stickshift/52e7f78a5973cad4680000b3/app-root/data/755029/protected/views/layouts/main.php:51)
Stack trace:
#0 /var/lib/stickshift/52e7f78a5973cad4680000b3/app-root/data/755029/framework/web/CBaseController.php(95): SiteController->renderInternal()
#1 /var/lib/stickshift/52e7f78a5973cad4680000b3/app-root/data/755029/framework/web/widgets/CContentDecorator.php(76): SiteController->renderFile()
#2 /var/lib/stickshift/52e7f78a5973cad4680000b3/app-root/data/755029/framework/web/widgets/CContentDecorator.php(54): CContentDecorator->decorate()
#3 /var/lib/stickshift/52e7f78a5973cad4680000b3/app-root/data/755029/framework/web/widgets/COutputProcessor.php(44): CContentDecorator->processOutput()
#4 /var/lib/stickshift/52e7f78a5973cad4680000b3/app-root/data/755029/framework/web/CBaseController.php(206): CContentDecorator->run()
#5 /var/lib/stickshift/52e7f78a5973cad4680000b3/app-root/data/755029/framework/web/CBaseController.php(300): SiteController->endWidget()
#6 /var/lib/stickshift/52e7f78a5973cad4680000b3/app-root/data/755029/protected/views/layouts/column1.php(6): SiteController->endContent()
#7 /var/lib/stickshift/52e7f78a5973cad4680000b3/app-root/data/755029/framework/web/CBaseController.php(126): require()
#8 /var/lib/stickshift/52e7f78a5973cad4680000b3/app-root/data/755029/framework/web/CBaseController.php(95): SiteController->renderInternal()
#9 /var/lib/stickshift/52e7f78a5973cad4680000b3/app-root/data/755029/framework/web/CController.php(784): SiteController->renderFile()
#10 /var/lib/stickshift/52e7f78a5973cad4680000b3/app-root/data/755029/protected/controllers/SiteController.php(32): SiteController->render()
#11 /var/lib/stickshift/52e7f78a5973cad4680000b3/app-root/data/755029/framework/web/actions/CInlineAction.php(49): SiteController->actionIndex()
#12 /var/lib/stickshift/52e7f78a5973cad4680000b3/app-root/data/755029/framework/web/CController.php(308): CInlineAction->runWithParams()
#13 /var/lib/stickshift/52e7f78a5973cad4680000b3/app-root/data/755029/framework/web/CController.php(286): SiteController->runAction()
#14 /var/lib/stickshift/52e7f78a5973cad4680000b3/app-root/data/755029/framework/web/CController.php(265): SiteController->runActionWithFilters()
#15 /var/lib/stickshift/52e7f78a5973cad4680000b3/app-root/data/755029/framework/web/CWebApplication.php(282): SiteController->run()
#16 /var/lib/stickshift/52e7f78a5973cad4680000b3/app-root/data/755029/framework/web/CWebApplication.php(141): CWebApplication->runController()
#17 /var/lib/stickshift/52e7f78a5973cad4680000b3/app-root/data/755029/framework/base/CApplication.php(180): CWebApplication->processRequest()
#18 /var/lib/stickshift/52e7f78a5973cad4680000b3/app-root/data/755029/index.php(13): CWebApplication->run()
REQUEST_URI=/index.php
in /var/lib/stickshift/52e7f78a5973cad4680000b3/app-root/data/755029/protected/views/layouts/main.php (51)
in /var/lib/stickshift/52e7f78a5973cad4680000b3/app-root/data/755029/protected/views/layouts/column1.php (6)
in /var/lib/stickshift/52e7f78a5973cad4680000b3/app-root/data/755029/protected/controllers/SiteController.php (32)
2014/01/30 11:57:28 [error] [php] date(): It is not safe to rely on the system's timezone settings. You are *required* to use the date.timezone setting or the date_default_timezone_set() function. In case you used any of those methods and you are still getting this warning, you most likely misspelled the timezone identifier. We selected 'America/New_York' for 'EST/-5.0/no DST' instead (/var/lib/stickshift/52e7f78a5973cad4680000b3/app-root/data/755029/protected/views/layouts/main.php:51)
Stack trace:
#0 /var/lib/stickshift/52e7f78a5973cad4680000b3/app-root/data/755029/framework/web/CBaseController.php(95): SiteController->renderInternal()
#1 /var/lib/stickshift/52e7f78a5973cad4680000b3/app-root/data/755029/framework/web/widgets/CContentDecorator.php(76): SiteController->renderFile()
#2 /var/lib/stickshift/52e7f78a5973cad4680000b3/app-root/data/755029/framework/web/widgets/CContentDecorator.php(54): CContentDecorator->decorate()
#3 /var/lib/stickshift/52e7f78a5973cad4680000b3/app-root/data/755029/framework/web/widgets/COutputProcessor.php(44): CContentDecorator->processOutput()
#4 /var/lib/stickshift/52e7f78a5973cad4680000b3/app-root/data/755029/framework/web/CBaseController.php(206): CContentDecorator->run()
#5 /var/lib/stickshift/52e7f78a5973cad4680000b3/app-root/data/755029/framework/web/CBaseController.php(300): SiteController->endWidget()
#6 /var/lib/stickshift/52e7f78a5973cad4680000b3/app-root/data/755029/protected/views/layouts/column1.php(6): SiteController->endContent()
#7 /var/lib/stickshift/52e7f78a5973cad4680000b3/app-root/data/755029/framework/web/CBaseController.php(126): require()
#8 /var/lib/stickshift/52e7f78a5973cad4680000b3/app-root/data/755029/framework/web/CBaseController.php(95): SiteController->renderInternal()
#9 /var/lib/stickshift/52e7f78a5973cad4680000b3/app-root/data/755029/framework/web/CController.php(784): SiteController->renderFile()
#10 /var/lib/stickshift/52e7f78a5973cad4680000b3/app-root/data/755029/protected/controllers/SiteController.php(32): SiteController->render()
#11 /var/lib/stickshift/52e7f78a5973cad4680000b3/app-root/data/755029/framework/web/actions/CInlineAction.php(49): SiteController->actionIndex()
#12 /var/lib/stickshift/52e7f78a5973cad4680000b3/app-root/data/755029/framework/web/CController.php(308): CInlineAction->runWithParams()
#13 /var/lib/stickshift/52e7f78a5973cad4680000b3/app-root/data/755029/framework/web/CController.php(286): SiteController->runAction()
#14 /var/lib/stickshift/52e7f78a5973cad4680000b3/app-root/data/755029/framework/web/CController.php(265): SiteController->runActionWithFilters()
#15 /var/lib/stickshift/52e7f78a5973cad4680000b3/app-root/data/755029/framework/web/CWebApplication.php(282): SiteController->run()
#16 /var/lib/stickshift/52e7f78a5973cad4680000b3/app-root/data/755029/framework/web/CWebApplication.php(141): CWebApplication->runController()
#17 /var/lib/stickshift/52e7f78a5973cad4680000b3/app-root/data/755029/framework/base/CApplication.php(180): CWebApplication->processRequest()
#18 /var/lib/stickshift/52e7f78a5973cad4680000b3/app-root/data/755029/index.php(13): CWebApplication->run()
REQUEST_URI=/index.php
in /var/lib/stickshift/52e7f78a5973cad4680000b3/app-root/data/755029/protected/views/layouts/main.php (51)
in /var/lib/stickshift/52e7f78a5973cad4680000b3/app-root/data/755029/protected/views/layouts/column1.php (6)
in /var/lib/stickshift/52e7f78a5973cad4680000b3/app-root/data/755029/protected/controllers/SiteController.php (32)
2014/01/30 11:57:48 [error] [php] date(): It is not safe to rely on the system's timezone settings. You are *required* to use the date.timezone setting or the date_default_timezone_set() function. In case you used any of those methods and you are still getting this warning, you most likely misspelled the timezone identifier. We selected 'America/New_York' for 'EST/-5.0/no DST' instead (/var/lib/stickshift/52e7f78a5973cad4680000b3/app-root/data/755029/protected/views/layouts/main.php:51)
Stack trace:
#0 /var/lib/stickshift/52e7f78a5973cad4680000b3/app-root/data/755029/framework/web/CBaseController.php(95): SiteController->renderInternal()
#1 /var/lib/stickshift/52e7f78a5973cad4680000b3/app-root/data/755029/framework/web/widgets/CContentDecorator.php(76): SiteController->renderFile()
#2 /var/lib/stickshift/52e7f78a5973cad4680000b3/app-root/data/755029/framework/web/widgets/CContentDecorator.php(54): CContentDecorator->decorate()
#3 /var/lib/stickshift/52e7f78a5973cad4680000b3/app-root/data/755029/framework/web/widgets/COutputProcessor.php(44): CContentDecorator->processOutput()
#4 /var/lib/stickshift/52e7f78a5973cad4680000b3/app-root/data/755029/framework/web/CBaseController.php(206): CContentDecorator->run()
#5 /var/lib/stickshift/52e7f78a5973cad4680000b3/app-root/data/755029/framework/web/CBaseController.php(300): SiteController->endWidget()
#6 /var/lib/stickshift/52e7f78a5973cad4680000b3/app-root/data/755029/protected/views/layouts/column1.php(6): SiteController->endContent()
#7 /var/lib/stickshift/52e7f78a5973cad4680000b3/app-root/data/755029/framework/web/CBaseController.php(126): require()
#8 /var/lib/stickshift/52e7f78a5973cad4680000b3/app-root/data/755029/framework/web/CBaseController.php(95): SiteController->renderInternal()
#9 /var/lib/stickshift/52e7f78a5973cad4680000b3/app-root/data/755029/framework/web/CController.php(784): SiteController->renderFile()
#10 /var/lib/stickshift/52e7f78a5973cad4680000b3/app-root/data/755029/protected/controllers/SiteController.php(32): SiteController->render()
#11 /var/lib/stickshift/52e7f78a5973cad4680000b3/app-root/data/755029/framework/web/actions/CInlineAction.php(49): SiteController->actionIndex()
#12 /var/lib/stickshift/52e7f78a5973cad4680000b3/app-root/data/755029/framework/web/CController.php(308): CInlineAction->runWithParams()
#13 /var/lib/stickshift/52e7f78a5973cad4680000b3/app-root/data/755029/framework/web/CController.php(286): SiteController->runAction()
#14 /var/lib/stickshift/52e7f78a5973cad4680000b3/app-root/data/755029/framework/web/CController.php(265): SiteController->runActionWithFilters()
#15 /var/lib/stickshift/52e7f78a5973cad4680000b3/app-root/data/755029/framework/web/CWebApplication.php(282): SiteController->run()
#16 /var/lib/stickshift/52e7f78a5973cad4680000b3/app-root/data/755029/framework/web/CWebApplication.php(141): CWebApplication->runController()
#17 /var/lib/stickshift/52e7f78a5973cad4680000b3/app-root/data/755029/framework/base/CApplication.php(180): CWebApplication->processRequest()
#18 /var/lib/stickshift/52e7f78a5973cad4680000b3/app-root/data/755029/index.php(13): CWebApplication->run()
REQUEST_URI=/index.php
in /var/lib/stickshift/52e7f78a5973cad4680000b3/app-root/data/755029/protected/views/layouts/main.php (51)
in /var/lib/stickshift/52e7f78a5973cad4680000b3/app-root/data/755029/protected/views/layouts/column1.php (6)
in /var/lib/stickshift/52e7f78a5973cad4680000b3/app-root/data/755029/protected/controllers/SiteController.php (32)
2014/01/30 11:57:48 [error] [php] date(): It is not safe to rely on the system's timezone settings. You are *required* to use the date.timezone setting or the date_default_timezone_set() function. In case you used any of those methods and you are still getting this warning, you most likely misspelled the timezone identifier. We selected 'America/New_York' for 'EST/-5.0/no DST' instead (/var/lib/stickshift/52e7f78a5973cad4680000b3/app-root/data/755029/protected/views/layouts/main.php:51)
Stack trace:
#0 /var/lib/stickshift/52e7f78a5973cad4680000b3/app-root/data/755029/framework/web/CBaseController.php(95): SiteController->renderInternal()
#1 /var/lib/stickshift/52e7f78a5973cad4680000b3/app-root/data/755029/framework/web/widgets/CContentDecorator.php(76): SiteController->renderFile()
#2 /var/lib/stickshift/52e7f78a5973cad4680000b3/app-root/data/755029/framework/web/widgets/CContentDecorator.php(54): CContentDecorator->decorate()
#3 /var/lib/stickshift/52e7f78a5973cad4680000b3/app-root/data/755029/framework/web/widgets/COutputProcessor.php(44): CContentDecorator->processOutput()
#4 /var/lib/stickshift/52e7f78a5973cad4680000b3/app-root/data/755029/framework/web/CBaseController.php(206): CContentDecorator->run()
#5 /var/lib/stickshift/52e7f78a5973cad4680000b3/app-root/data/755029/framework/web/CBaseController.php(300): SiteController->endWidget()
#6 /var/lib/stickshift/52e7f78a5973cad4680000b3/app-root/data/755029/protected/views/layouts/column1.php(6): SiteController->endContent()
#7 /var/lib/stickshift/52e7f78a5973cad4680000b3/app-root/data/755029/framework/web/CBaseController.php(126): require()
#8 /var/lib/stickshift/52e7f78a5973cad4680000b3/app-root/data/755029/framework/web/CBaseController.php(95): SiteController->renderInternal()
#9 /var/lib/stickshift/52e7f78a5973cad4680000b3/app-root/data/755029/framework/web/CController.php(784): SiteController->renderFile()
#10 /var/lib/stickshift/52e7f78a5973cad4680000b3/app-root/data/755029/protected/controllers/SiteController.php(32): SiteController->render()
#11 /var/lib/stickshift/52e7f78a5973cad4680000b3/app-root/data/755029/framework/web/actions/CInlineAction.php(49): SiteController->actionIndex()
#12 /var/lib/stickshift/52e7f78a5973cad4680000b3/app-root/data/755029/framework/web/CController.php(308): CInlineAction->runWithParams()
#13 /var/lib/stickshift/52e7f78a5973cad4680000b3/app-root/data/755029/framework/web/CController.php(286): SiteController->runAction()
#14 /var/lib/stickshift/52e7f78a5973cad4680000b3/app-root/data/755029/framework/web/CController.php(265): SiteController->runActionWithFilters()
#15 /var/lib/stickshift/52e7f78a5973cad4680000b3/app-root/data/755029/framework/web/CWebApplication.php(282): SiteController->run()
#16 /var/lib/stickshift/52e7f78a5973cad4680000b3/app-root/data/755029/framework/web/CWebApplication.php(141): CWebApplication->runController()
#17 /var/lib/stickshift/52e7f78a5973cad4680000b3/app-root/data/755029/framework/base/CApplication.php(180): CWebApplication->processRequest()
#18 /var/lib/stickshift/52e7f78a5973cad4680000b3/app-root/data/755029/index.php(13): CWebApplication->run()
REQUEST_URI=/index.php
in /var/lib/stickshift/52e7f78a5973cad4680000b3/app-root/data/755029/protected/views/layouts/main.php (51)
in /var/lib/stickshift/52e7f78a5973cad4680000b3/app-root/data/755029/protected/views/layouts/column1.php (6)
in /var/lib/stickshift/52e7f78a5973cad4680000b3/app-root/data/755029/protected/controllers/SiteController.php (32)
2014/01/30 11:57:48 [error] [php] date(): It is not safe to rely on the system's timezone settings. You are *required* to use the date.timezone setting or the date_default_timezone_set() function. In case you used any of those methods and you are still getting this warning, you most likely misspelled the timezone identifier. We selected 'America/New_York' for 'EST/-5.0/no DST' instead (/var/lib/stickshift/52e7f78a5973cad4680000b3/app-root/data/755029/protected/views/layouts/main.php:51)
Stack trace:
#0 /var/lib/stickshift/52e7f78a5973cad4680000b3/app-root/data/755029/framework/web/CBaseController.php(95): SiteController->renderInternal()
#1 /var/lib/stickshift/52e7f78a5973cad4680000b3/app-root/data/755029/framework/web/widgets/CContentDecorator.php(76): SiteController->renderFile()
#2 /var/lib/stickshift/52e7f78a5973cad4680000b3/app-root/data/755029/framework/web/widgets/CContentDecorator.php(54): CContentDecorator->decorate()
#3 /var/lib/stickshift/52e7f78a5973cad4680000b3/app-root/data/755029/framework/web/widgets/COutputProcessor.php(44): CContentDecorator->processOutput()
#4 /var/lib/stickshift/52e7f78a5973cad4680000b3/app-root/data/755029/framework/web/CBaseController.php(206): CContentDecorator->run()
#5 /var/lib/stickshift/52e7f78a5973cad4680000b3/app-root/data/755029/framework/web/CBaseController.php(300): SiteController->endWidget()
#6 /var/lib/stickshift/52e7f78a5973cad4680000b3/app-root/data/755029/protected/views/layouts/column1.php(6): SiteController->endContent()
#7 /var/lib/stickshift/52e7f78a5973cad4680000b3/app-root/data/755029/framework/web/CBaseController.php(126): require()
#8 /var/lib/stickshift/52e7f78a5973cad4680000b3/app-root/data/755029/framework/web/CBaseController.php(95): SiteController->renderInternal()
#9 /var/lib/stickshift/52e7f78a5973cad4680000b3/app-root/data/755029/framework/web/CController.php(784): SiteController->renderFile()
#10 /var/lib/stickshift/52e7f78a5973cad4680000b3/app-root/data/755029/protected/controllers/SiteController.php(32): SiteController->render()
#11 /var/lib/stickshift/52e7f78a5973cad4680000b3/app-root/data/755029/framework/web/actions/CInlineAction.php(49): SiteController->actionIndex()
#12 /var/lib/stickshift/52e7f78a5973cad4680000b3/app-root/data/755029/framework/web/CController.php(308): CInlineAction->runWithParams()
#13 /var/lib/stickshift/52e7f78a5973cad4680000b3/app-root/data/755029/framework/web/CController.php(286): SiteController->runAction()
#14 /var/lib/stickshift/52e7f78a5973cad4680000b3/app-root/data/755029/framework/web/CController.php(265): SiteController->runActionWithFilters()
#15 /var/lib/stickshift/52e7f78a5973cad4680000b3/app-root/data/755029/framework/web/CWebApplication.php(282): SiteController->run()
#16 /var/lib/stickshift/52e7f78a5973cad4680000b3/app-root/data/755029/framework/web/CWebApplication.php(141): CWebApplication->runController()
#17 /var/lib/stickshift/52e7f78a5973cad4680000b3/app-root/data/755029/framework/base/CApplication.php(180): CWebApplication->processRequest()
#18 /var/lib/stickshift/52e7f78a5973cad4680000b3/app-root/data/755029/index-test.php(15): CWebApplication->run()
REQUEST_URI=/index-test.php
2014/01/30 11:58:24 [error] [php] date(): It is not safe to rely on the system's timezone settings. You are *required* to use the date.timezone setting or the date_default_timezone_set() function. In case you used any of those methods and you are still getting this warning, you most likely misspelled the timezone identifier. We selected 'America/New_York' for 'EST/-5.0/no DST' instead (/var/lib/stickshift/52e7f78a5973cad4680000b3/app-root/data/755029/protected/views/layouts/main.php:51)
Stack trace:
#0 /var/lib/stickshift/52e7f78a5973cad4680000b3/app-root/data/755029/framework/web/CBaseController.php(95): SiteController->renderInternal()
#1 /var/lib/stickshift/52e7f78a5973cad4680000b3/app-root/data/755029/framework/web/widgets/CContentDecorator.php(76): SiteController->renderFile()
#2 /var/lib/stickshift/52e7f78a5973cad4680000b3/app-root/data/755029/framework/web/widgets/CContentDecorator.php(54): CContentDecorator->decorate()
#3 /var/lib/stickshift/52e7f78a5973cad4680000b3/app-root/data/755029/framework/web/widgets/COutputProcessor.php(44): CContentDecorator->processOutput()
#4 /var/lib/stickshift/52e7f78a5973cad4680000b3/app-root/data/755029/framework/web/CBaseController.php(206): CContentDecorator->run()
#5 /var/lib/stickshift/52e7f78a5973cad4680000b3/app-root/data/755029/framework/web/CBaseController.php(300): SiteController->endWidget()
#6 /var/lib/stickshift/52e7f78a5973cad4680000b3/app-root/data/755029/protected/views/layouts/column1.php(6): SiteController->endContent()
#7 /var/lib/stickshift/52e7f78a5973cad4680000b3/app-root/data/755029/framework/web/CBaseController.php(126): require()
#8 /var/lib/stickshift/52e7f78a5973cad4680000b3/app-root/data/755029/framework/web/CBaseController.php(95): SiteController->renderInternal()
#9 /var/lib/stickshift/52e7f78a5973cad4680000b3/app-root/data/755029/framework/web/CController.php(784): SiteController->renderFile()
#10 /var/lib/stickshift/52e7f78a5973cad4680000b3/app-root/data/755029/protected/controllers/SiteController.php(32): SiteController->render()
#11 /var/lib/stickshift/52e7f78a5973cad4680000b3/app-root/data/755029/framework/web/actions/CInlineAction.php(49): SiteController->actionIndex()
#12 /var/lib/stickshift/52e7f78a5973cad4680000b3/app-root/data/755029/framework/web/CController.php(308): CInlineAction->runWithParams()
#13 /var/lib/stickshift/52e7f78a5973cad4680000b3/app-root/data/755029/framework/web/CController.php(286): SiteController->runAction()
#14 /var/lib/stickshift/52e7f78a5973cad4680000b3/app-root/data/755029/framework/web/CController.php(265): SiteController->runActionWithFilters()
#15 /var/lib/stickshift/52e7f78a5973cad4680000b3/app-root/data/755029/framework/web/CWebApplication.php(282): SiteController->run()
#16 /var/lib/stickshift/52e7f78a5973cad4680000b3/app-root/data/755029/framework/web/CWebApplication.php(141): CWebApplication->runController()
#17 /var/lib/stickshift/52e7f78a5973cad4680000b3/app-root/data/755029/framework/base/CApplication.php(180): CWebApplication->processRequest()
#18 /var/lib/stickshift/52e7f78a5973cad4680000b3/app-root/data/755029/index-test.php(15): CWebApplication->run()
REQUEST_URI=/index-test.php
2014/01/30 11:58:24 [error] [php] date(): It is not safe to rely on the system's timezone settings. You are *required* to use the date.timezone setting or the date_default_timezone_set() function. In case you used any of those methods and you are still getting this warning, you most likely misspelled the timezone identifier. We selected 'America/New_York' for 'EST/-5.0/no DST' instead (/var/lib/stickshift/52e7f78a5973cad4680000b3/app-root/data/755029/protected/views/layouts/main.php:51)
Stack trace:
#0 /var/lib/stickshift/52e7f78a5973cad4680000b3/app-root/data/755029/framework/web/CBaseController.php(95): SiteController->renderInternal()
#1 /var/lib/stickshift/52e7f78a5973cad4680000b3/app-root/data/755029/framework/web/widgets/CContentDecorator.php(76): SiteController->renderFile()
#2 /var/lib/stickshift/52e7f78a5973cad4680000b3/app-root/data/755029/framework/web/widgets/CContentDecorator.php(54): CContentDecorator->decorate()
#3 /var/lib/stickshift/52e7f78a5973cad4680000b3/app-root/data/755029/framework/web/widgets/COutputProcessor.php(44): CContentDecorator->processOutput()
#4 /var/lib/stickshift/52e7f78a5973cad4680000b3/app-root/data/755029/framework/web/CBaseController.php(206): CContentDecorator->run()
#5 /var/lib/stickshift/52e7f78a5973cad4680000b3/app-root/data/755029/framework/web/CBaseController.php(300): SiteController->endWidget()
#6 /var/lib/stickshift/52e7f78a5973cad4680000b3/app-root/data/755029/protected/views/layouts/column1.php(6): SiteController->endContent()
#7 /var/lib/stickshift/52e7f78a5973cad4680000b3/app-root/data/755029/framework/web/CBaseController.php(126): require()
#8 /var/lib/stickshift/52e7f78a5973cad4680000b3/app-root/data/755029/framework/web/CBaseController.php(95): SiteController->renderInternal()
#9 /var/lib/stickshift/52e7f78a5973cad4680000b3/app-root/data/755029/framework/web/CController.php(784): SiteController->renderFile()
#10 /var/lib/stickshift/52e7f78a5973cad4680000b3/app-root/data/755029/protected/controllers/SiteController.php(32): SiteController->render()
#11 /var/lib/stickshift/52e7f78a5973cad4680000b3/app-root/data/755029/framework/web/actions/CInlineAction.php(49): SiteController->actionIndex()
#12 /var/lib/stickshift/52e7f78a5973cad4680000b3/app-root/data/755029/framework/web/CController.php(308): CInlineAction->runWithParams()
#13 /var/lib/stickshift/52e7f78a5973cad4680000b3/app-root/data/755029/framework/web/CController.php(286): SiteController->runAction()
#14 /var/lib/stickshift/52e7f78a5973cad4680000b3/app-root/data/755029/framework/web/CController.php(265): SiteController->runActionWithFilters()
#15 /var/lib/stickshift/52e7f78a5973cad4680000b3/app-root/data/755029/framework/web/CWebApplication.php(282): SiteController->run()
#16 /var/lib/stickshift/52e7f78a5973cad4680000b3/app-root/data/755029/framework/web/CWebApplication.php(141): CWebApplication->runController()
#17 /var/lib/stickshift/52e7f78a5973cad4680000b3/app-root/data/755029/framework/base/CApplication.php(180): CWebApplication->processRequest()
#18 /var/lib/stickshift/52e7f78a5973cad4680000b3/app-root/data/755029/index-test.php(15): CWebApplication->run()
REQUEST_URI=/index-test.php
