2013/12/12 21:47:32 [error] [exception.CException] exception 'CException' with message 'User and its behaviors do not have a method or closure named "validatePassword".' in /var/www/framework/base/CComponent.php:266
Stack trace:
#0 /var/www/framework/db/ar/CActiveRecord.php(227): CComponent->__call('validatePasswor...', Array)
#1 /var/www/blog/protected/components/UserIdentity.php(37): CActiveRecord->__call('validatePasswor...', Array)
#2 /var/www/blog/protected/components/UserIdentity.php(37): User->validatePassword('demo')
#3 /var/www/blog/protected/models/LoginForm.php(52): UserIdentity->authenticate()
#4 /var/www/framework/validators/CInlineValidator.php(42): LoginForm->authenticate('password', Array)
#5 /var/www/framework/validators/CValidator.php(213): CInlineValidator->validateAttribute(Object(LoginForm), 'password')
#6 /var/www/framework/base/CModel.php(159): CValidator->validate(Object(LoginForm), NULL)
#7 /var/www/blog/protected/controllers/SiteController.php(94): CModel->validate()
#8 /var/www/framework/web/actions/CInlineAction.php(49): SiteController->actionLogin()
#9 /var/www/framework/web/CController.php(308): CInlineAction->runWithParams(Array)
#10 /var/www/framework/web/CController.php(286): CController->runAction(Object(CInlineAction))
#11 /var/www/framework/web/CController.php(265): CController->runActionWithFilters(Object(CInlineAction), Array)
#12 /var/www/framework/web/CWebApplication.php(282): CController->run('login')
#13 /var/www/framework/web/CWebApplication.php(141): CWebApplication->runController('site/login')
#14 /var/www/framework/base/CApplication.php(180): CWebApplication->processRequest()
#15 /var/www/blog/index.php(13): CApplication->run()
#16 {main}
REQUEST_URI=/blog/index.php?r=site/login
HTTP_REFERER=http://localhost/blog/index.php?r=site/login
---
2013/12/12 21:47:55 [error] [exception.CException] exception 'CException' with message 'Property "User.salt" is not defined.' in /var/www/framework/base/CComponent.php:130
Stack trace:
#0 /var/www/framework/db/ar/CActiveRecord.php(145): CComponent->__get('salt')
#1 /var/www/blog/protected/models/User.php(100): CActiveRecord->__get('salt')
#2 /var/www/blog/protected/components/UserIdentity.php(37): User->validatePassword('demo')
#3 /var/www/blog/protected/models/LoginForm.php(52): UserIdentity->authenticate()
#4 /var/www/framework/validators/CInlineValidator.php(42): LoginForm->authenticate('password', Array)
#5 /var/www/framework/validators/CValidator.php(213): CInlineValidator->validateAttribute(Object(LoginForm), 'password')
#6 /var/www/framework/base/CModel.php(159): CValidator->validate(Object(LoginForm), NULL)
#7 /var/www/blog/protected/controllers/SiteController.php(94): CModel->validate()
#8 /var/www/framework/web/actions/CInlineAction.php(49): SiteController->actionLogin()
#9 /var/www/framework/web/CController.php(308): CInlineAction->runWithParams(Array)
#10 /var/www/framework/web/CController.php(286): CController->runAction(Object(CInlineAction))
#11 /var/www/framework/web/CController.php(265): CController->runActionWithFilters(Object(CInlineAction), Array)
#12 /var/www/framework/web/CWebApplication.php(282): CController->run('login')
#13 /var/www/framework/web/CWebApplication.php(141): CWebApplication->runController('site/login')
#14 /var/www/framework/base/CApplication.php(180): CWebApplication->processRequest()
#15 /var/www/blog/index.php(13): CApplication->run()
#16 {main}
REQUEST_URI=/blog/index.php?r=site/login
HTTP_REFERER=http://localhost/blog/index.php?r=site/login
---
2013/12/12 21:48:06 [error] [exception.CException] exception 'CException' with message 'Property "User.salt" is not defined.' in /var/www/framework/base/CComponent.php:130
Stack trace:
#0 /var/www/framework/db/ar/CActiveRecord.php(145): CComponent->__get('salt')
#1 /var/www/blog/protected/models/User.php(100): CActiveRecord->__get('salt')
#2 /var/www/blog/protected/components/UserIdentity.php(37): User->validatePassword('demo')
#3 /var/www/blog/protected/models/LoginForm.php(52): UserIdentity->authenticate()
#4 /var/www/framework/validators/CInlineValidator.php(42): LoginForm->authenticate('password', Array)
#5 /var/www/framework/validators/CValidator.php(213): CInlineValidator->validateAttribute(Object(LoginForm), 'password')
#6 /var/www/framework/base/CModel.php(159): CValidator->validate(Object(LoginForm), NULL)
#7 /var/www/blog/protected/controllers/SiteController.php(94): CModel->validate()
#8 /var/www/framework/web/actions/CInlineAction.php(49): SiteController->actionLogin()
#9 /var/www/framework/web/CController.php(308): CInlineAction->runWithParams(Array)
#10 /var/www/framework/web/CController.php(286): CController->runAction(Object(CInlineAction))
#11 /var/www/framework/web/CController.php(265): CController->runActionWithFilters(Object(CInlineAction), Array)
#12 /var/www/framework/web/CWebApplication.php(282): CController->run('login')
#13 /var/www/framework/web/CWebApplication.php(141): CWebApplication->runController('site/login')
#14 /var/www/framework/base/CApplication.php(180): CWebApplication->processRequest()
#15 /var/www/blog/index.php(13): CApplication->run()
#16 {main}
REQUEST_URI=/blog/index.php?r=site/login
HTTP_REFERER=http://localhost/blog/index.php?r=site/login
---
2013/12/12 21:49:59 [error] [exception.CException] exception 'CException' with message 'Property "User.salt" is not defined.' in /var/www/framework/base/CComponent.php:130
Stack trace:
#0 /var/www/framework/db/ar/CActiveRecord.php(145): CComponent->__get('salt')
#1 /var/www/blog/protected/models/User.php(100): CActiveRecord->__get('salt')
#2 /var/www/blog/protected/components/UserIdentity.php(37): User->validatePassword('demo')
#3 /var/www/blog/protected/models/LoginForm.php(52): UserIdentity->authenticate()
#4 /var/www/framework/validators/CInlineValidator.php(42): LoginForm->authenticate('password', Array)
#5 /var/www/framework/validators/CValidator.php(213): CInlineValidator->validateAttribute(Object(LoginForm), 'password')
#6 /var/www/framework/base/CModel.php(159): CValidator->validate(Object(LoginForm), NULL)
#7 /var/www/blog/protected/controllers/SiteController.php(94): CModel->validate()
#8 /var/www/framework/web/actions/CInlineAction.php(49): SiteController->actionLogin()
#9 /var/www/framework/web/CController.php(308): CInlineAction->runWithParams(Array)
#10 /var/www/framework/web/CController.php(286): CController->runAction(Object(CInlineAction))
#11 /var/www/framework/web/CController.php(265): CController->runActionWithFilters(Object(CInlineAction), Array)
#12 /var/www/framework/web/CWebApplication.php(282): CController->run('login')
#13 /var/www/framework/web/CWebApplication.php(141): CWebApplication->runController('site/login')
#14 /var/www/framework/base/CApplication.php(180): CWebApplication->processRequest()
#15 /var/www/blog/index.php(13): CApplication->run()
#16 {main}
REQUEST_URI=/blog/index.php?r=site/login
HTTP_REFERER=http://localhost/blog/index.php?r=site/login
---
2013/12/12 22:38:48 [error] [exception.CException] exception 'CException' with message 'Property "User.salt" is not defined.' in /var/www/framework/base/CComponent.php:130
Stack trace:
#0 /var/www/framework/db/ar/CActiveRecord.php(145): CComponent->__get('salt')
#1 /var/www/blog/protected/models/User.php(100): CActiveRecord->__get('salt')
#2 /var/www/blog/protected/components/UserIdentity.php(37): User->validatePassword('demo')
#3 /var/www/blog/protected/models/LoginForm.php(52): UserIdentity->authenticate()
#4 /var/www/framework/validators/CInlineValidator.php(42): LoginForm->authenticate('password', Array)
#5 /var/www/framework/validators/CValidator.php(213): CInlineValidator->validateAttribute(Object(LoginForm), 'password')
#6 /var/www/framework/base/CModel.php(159): CValidator->validate(Object(LoginForm), NULL)
#7 /var/www/blog/protected/controllers/SiteController.php(94): CModel->validate()
#8 /var/www/framework/web/actions/CInlineAction.php(49): SiteController->actionLogin()
#9 /var/www/framework/web/CController.php(308): CInlineAction->runWithParams(Array)
#10 /var/www/framework/web/CController.php(286): CController->runAction(Object(CInlineAction))
#11 /var/www/framework/web/CController.php(265): CController->runActionWithFilters(Object(CInlineAction), Array)
#12 /var/www/framework/web/CWebApplication.php(282): CController->run('login')
#13 /var/www/framework/web/CWebApplication.php(141): CWebApplication->runController('site/login')
#14 /var/www/framework/base/CApplication.php(180): CWebApplication->processRequest()
#15 /var/www/blog/index.php(13): CApplication->run()
#16 {main}
REQUEST_URI=/blog/index.php?r=site/login
HTTP_REFERER=http://localhost/blog/index.php?r=site/login
---
2013/12/12 22:56:57 [error] [exception.CException] exception 'CException' with message 'Property "UserIdentity._id" is not defined.' in /var/www/framework/base/CComponent.php:173
Stack trace:
#0 /var/www/blog/protected/components/UserIdentity.php(41): CComponent->__set('_id', '1')
#1 /var/www/blog/protected/models/LoginForm.php(52): UserIdentity->authenticate()
#2 /var/www/framework/validators/CInlineValidator.php(42): LoginForm->authenticate('password', Array)
#3 /var/www/framework/validators/CValidator.php(213): CInlineValidator->validateAttribute(Object(LoginForm), 'password')
#4 /var/www/framework/base/CModel.php(159): CValidator->validate(Object(LoginForm), NULL)
#5 /var/www/blog/protected/controllers/SiteController.php(94): CModel->validate()
#6 /var/www/framework/web/actions/CInlineAction.php(49): SiteController->actionLogin()
#7 /var/www/framework/web/CController.php(308): CInlineAction->runWithParams(Array)
#8 /var/www/framework/web/CController.php(286): CController->runAction(Object(CInlineAction))
#9 /var/www/framework/web/CController.php(265): CController->runActionWithFilters(Object(CInlineAction), Array)
#10 /var/www/framework/web/CWebApplication.php(282): CController->run('login')
#11 /var/www/framework/web/CWebApplication.php(141): CWebApplication->runController('site/login')
#12 /var/www/framework/base/CApplication.php(180): CWebApplication->processRequest()
#13 /var/www/blog/index.php(13): CApplication->run()
#14 {main}
REQUEST_URI=/blog/index.php?r=site/login
HTTP_REFERER=http://localhost/blog/index.php?r=site/login
---
2013/12/17 22:22:13 [error] [exception.CHttpException.404] exception 'CHttpException' with message 'The system is unable to find the requested action "post".' in /var/www/framework/web/CController.php:483
Stack trace:
#0 /var/www/framework/web/CController.php(270): CController->missingAction('post')
#1 /var/www/framework/web/CWebApplication.php(282): CController->run('post')
#2 /var/www/framework/web/CWebApplication.php(141): CWebApplication->runController('site/post')
#3 /var/www/framework/base/CApplication.php(180): CWebApplication->processRequest()
#4 /var/www/blog/index.php(13): CApplication->run()
#5 {main}
REQUEST_URI=/blog/index.php?r=site/post
---
2013/12/17 22:22:22 [error] [exception.CHttpException.404] exception 'CHttpException' with message 'Unable to resolve the request "pos/index".' in /var/www/framework/web/CWebApplication.php:286
Stack trace:
#0 /var/www/framework/web/CWebApplication.php(141): CWebApplication->runController('pos/index')
#1 /var/www/framework/base/CApplication.php(180): CWebApplication->processRequest()
#2 /var/www/blog/index.php(13): CApplication->run()
#3 {main}
REQUEST_URI=/blog/index.php?r=pos/index
---
2013/12/17 22:47:21 [error] [php] Undefined variable: model (/var/www/blog/protected/controllers/PostController.php:169)
Stack trace:
#0 /var/www/framework/web/actions/CAction.php(108): ReflectionMethod->invokeArgs()
#1 /var/www/framework/web/actions/CInlineAction.php(47): CInlineAction->runWithParamsInternal()
#2 /var/www/framework/web/CController.php(308): CInlineAction->runWithParams()
#3 /var/www/framework/web/filters/CFilterChain.php(133): PostController->runAction()
#4 /var/www/framework/web/filters/CFilter.php(40): CFilterChain->run()
#5 /var/www/framework/web/CController.php(1145): CAccessControlFilter->filter()
#6 /var/www/framework/web/filters/CInlineFilter.php(58): PostController->filterAccessControl()
#7 /var/www/framework/web/filters/CFilterChain.php(130): CInlineFilter->filter()
#8 /var/www/framework/web/CController.php(291): CFilterChain->run()
#9 /var/www/framework/web/CController.php(265): PostController->runActionWithFilters()
#10 /var/www/framework/web/CWebApplication.php(282): PostController->run()
#11 /var/www/framework/web/CWebApplication.php(141): CWebApplication->runController()
#12 /var/www/framework/base/CApplication.php(180): CWebApplication->processRequest()
#13 /var/www/blog/index.php(13): CWebApplication->run()
REQUEST_URI=/blog/index.php?r=post/view&id=1
in /var/www/blog/protected/controllers/PostController.php (169)
in /var/www/blog/protected/controllers/PostController.php (55)
in /var/www/blog/index.php (13)
2013/12/17 22:48:30 [error] [exception.CException] exception 'CException' with message 'Property "PostController.model" is not defined.' in /var/www/framework/base/CComponent.php:130
Stack trace:
#0 /var/www/blog/protected/controllers/PostController.php(169): CComponent->__get('model')
#1 /var/www/blog/protected/controllers/PostController.php(55): PostController->loadModel('1')
#2 [internal function]: PostController->actionView('1')
#3 /var/www/framework/web/actions/CAction.php(108): ReflectionMethod->invokeArgs(Object(PostController), Array)
#4 /var/www/framework/web/actions/CInlineAction.php(47): CAction->runWithParamsInternal(Object(PostController), Object(ReflectionMethod), Array)
#5 /var/www/framework/web/CController.php(308): CInlineAction->runWithParams(Array)
#6 /var/www/framework/web/filters/CFilterChain.php(133): CController->runAction(Object(CInlineAction))
#7 /var/www/framework/web/filters/CFilter.php(40): CFilterChain->run()
#8 /var/www/framework/web/CController.php(1145): CFilter->filter(Object(CFilterChain))
#9 /var/www/framework/web/filters/CInlineFilter.php(58): CController->filterAccessControl(Object(CFilterChain))
#10 /var/www/framework/web/filters/CFilterChain.php(130): CInlineFilter->filter(Object(CFilterChain))
#11 /var/www/framework/web/CController.php(291): CFilterChain->run()
#12 /var/www/framework/web/CController.php(265): CController->runActionWithFilters(Object(CInlineAction), Array)
#13 /var/www/framework/web/CWebApplication.php(282): CController->run('view')
#14 /var/www/framework/web/CWebApplication.php(141): CWebApplication->runController('post/view')
#15 /var/www/framework/base/CApplication.php(180): CWebApplication->processRequest()
#16 /var/www/blog/index.php(13): CApplication->run()
#17 {main}
REQUEST_URI=/blog/index.php?r=post/view&id=1
HTTP_REFERER=http://localhost/blog/index.php?r=post/index
---
2013/12/17 22:48:34 [error] [exception.CException] exception 'CException' with message 'Property "PostController.model" is not defined.' in /var/www/framework/base/CComponent.php:130
Stack trace:
#0 /var/www/blog/protected/controllers/PostController.php(169): CComponent->__get('model')
#1 /var/www/blog/protected/controllers/PostController.php(55): PostController->loadModel('1')
#2 [internal function]: PostController->actionView('1')
#3 /var/www/framework/web/actions/CAction.php(108): ReflectionMethod->invokeArgs(Object(PostController), Array)
#4 /var/www/framework/web/actions/CInlineAction.php(47): CAction->runWithParamsInternal(Object(PostController), Object(ReflectionMethod), Array)
#5 /var/www/framework/web/CController.php(308): CInlineAction->runWithParams(Array)
#6 /var/www/framework/web/filters/CFilterChain.php(133): CController->runAction(Object(CInlineAction))
#7 /var/www/framework/web/filters/CFilter.php(40): CFilterChain->run()
#8 /var/www/framework/web/CController.php(1145): CFilter->filter(Object(CFilterChain))
#9 /var/www/framework/web/filters/CInlineFilter.php(58): CController->filterAccessControl(Object(CFilterChain))
#10 /var/www/framework/web/filters/CFilterChain.php(130): CInlineFilter->filter(Object(CFilterChain))
#11 /var/www/framework/web/CController.php(291): CFilterChain->run()
#12 /var/www/framework/web/CController.php(265): CController->runActionWithFilters(Object(CInlineAction), Array)
#13 /var/www/framework/web/CWebApplication.php(282): CController->run('view')
#14 /var/www/framework/web/CWebApplication.php(141): CWebApplication->runController('post/view')
#15 /var/www/framework/base/CApplication.php(180): CWebApplication->processRequest()
#16 /var/www/blog/index.php(13): CApplication->run()
#17 {main}
REQUEST_URI=/blog/index.php?r=post/view&id=1
HTTP_REFERER=http://localhost/blog/index.php?r=post/index
---
2013/12/17 22:51:41 [error] [system.db.CDbCommand] CDbCommand::fetchAll() failed: SQLSTATE[42S22]: Column not found: 1054 Unknown column 'comments.status' in 'where clause'. The SQL statement executed was: SELECT `author`.`id` AS `t1_c0`, `author`.`username` AS `t1_c1`, `author`.`password` AS `t1_c2`, `author`.`salt` AS `t1_c3`, `author`.`email` AS `t1_c4`, `author`.`profile` AS `t1_c5` FROM `tbl_user` `author`  WHERE (comments.status=2) AND (comments.status=2) AND (`author`.`id`=:ypl0) ORDER BY comments.create_time DESC.
in /var/www/blog/protected/views/post/_view.php (6)
in /var/www/blog/protected/views/post/index.php (20)
in /var/www/blog/protected/controllers/PostController.php (128)
2013/12/17 22:51:41 [error] [exception.CDbException] exception 'CDbException' with message 'CDbCommand failed to execute the SQL statement: SQLSTATE[42S22]: Column not found: 1054 Unknown column 'comments.status' in 'where clause'. The SQL statement executed was: SELECT `author`.`id` AS `t1_c0`, `author`.`username` AS `t1_c1`, `author`.`password` AS `t1_c2`, `author`.`salt` AS `t1_c3`, `author`.`email` AS `t1_c4`, `author`.`profile` AS `t1_c5` FROM `tbl_user` `author`  WHERE (comments.status=2) AND (comments.status=2) AND (`author`.`id`=:ypl0) ORDER BY comments.create_time DESC' in /var/www/framework/db/CDbCommand.php:543
Stack trace:
#0 /var/www/framework/db/CDbCommand.php(396): CDbCommand->queryInternal('fetchAll', Array, Array)
#1 /var/www/framework/db/ar/CActiveFinder.php(803): CDbCommand->queryAll()
#2 /var/www/framework/db/ar/CActiveFinder.php(507): CJoinElement->runQuery(Object(CJoinQuery))
#3 /var/www/framework/db/ar/CActiveFinder.php(163): CJoinElement->lazyFind(Object(Post))
#4 /var/www/framework/db/ar/CActiveRecord.php(281): CActiveFinder->lazyFind(Object(Post))
#5 /var/www/framework/db/ar/CActiveRecord.php(143): CActiveRecord->getRelated('author')
#6 /var/www/blog/protected/views/post/_view.php(6): CActiveRecord->__get('author')
#7 /var/www/framework/web/CBaseController.php(130): require('/var/www/blog/p...')
#8 /var/www/framework/web/CBaseController.php(95): CBaseController->renderInternal('/var/www/blog/p...', Array, false)
#9 /var/www/framework/zii/widgets/CListView.php(291): CBaseController->renderFile('/var/www/blog/p...', Array)
#10 /var/www/framework/zii/widgets/CBaseListView.php(167): CListView->renderItems()
#11 [internal function]: CBaseListView->renderSection(Array)
#12 /var/www/framework/zii/widgets/CBaseListView.php(150): preg_replace_callback('/{(\w+)}/', Array, '{summary}?{sort...')
#13 /var/www/framework/zii/widgets/CBaseListView.php(135): CBaseListView->renderContent()
#14 /var/www/framework/web/CBaseController.php(173): CBaseListView->run()
#15 /var/www/blog/protected/views/post/index.php(20): CBaseController->widget('zii.widgets.CLi...', Array)
#16 /var/www/framework/web/CBaseController.php(126): require('/var/www/blog/p...')
#17 /var/www/framework/web/CBaseController.php(95): CBaseController->renderInternal('/var/www/blog/p...', Array, true)
#18 /var/www/framework/web/CController.php(869): CBaseController->renderFile('/var/www/blog/p...', Array, true)
#19 /var/www/framework/web/CController.php(782): CController->renderPartial('index', Array, true)
#20 /var/www/blog/protected/controllers/PostController.php(128): CController->render('index', Array)
#21 /var/www/framework/web/actions/CInlineAction.php(49): PostController->actionIndex()
#22 /var/www/framework/web/CController.php(308): CInlineAction->runWithParams(Array)
#23 /var/www/framework/web/filters/CFilterChain.php(133): CController->runAction(Object(CInlineAction))
#24 /var/www/framework/web/filters/CFilter.php(40): CFilterChain->run()
#25 /var/www/framework/web/CController.php(1145): CFilter->filter(Object(CFilterChain))
#26 /var/www/framework/web/filters/CInlineFilter.php(58): CController->filterAccessControl(Object(CFilterChain))
#27 /var/www/framework/web/filters/CFilterChain.php(130): CInlineFilter->filter(Object(CFilterChain))
#28 /var/www/framework/web/CController.php(291): CFilterChain->run()
#29 /var/www/framework/web/CController.php(265): CController->runActionWithFilters(Object(CInlineAction), Array)
#30 /var/www/framework/web/CWebApplication.php(282): CController->run('index')
#31 /var/www/framework/web/CWebApplication.php(141): CWebApplication->runController('post/index')
#32 /var/www/framework/base/CApplication.php(180): CWebApplication->processRequest()
#33 /var/www/blog/index.php(13): CApplication->run()
#34 {main}
REQUEST_URI=/blog/index.php?r=post/index
HTTP_REFERER=http://localhost/blog/index.php?r=post/view&id=1
---
2013/12/17 22:51:54 [error] [system.db.CDbCommand] CDbCommand::fetchAll() failed: SQLSTATE[42S22]: Column not found: 1054 Unknown column 'comments.status' in 'where clause'. The SQL statement executed was: SELECT `author`.`id` AS `t1_c0`, `author`.`username` AS `t1_c1`, `author`.`password` AS `t1_c2`, `author`.`salt` AS `t1_c3`, `author`.`email` AS `t1_c4`, `author`.`profile` AS `t1_c5` FROM `tbl_user` `author`  WHERE (comments.status=2) AND (comments.status=2) AND (`author`.`id`=:ypl0) ORDER BY comments.create_time DESC.
in /var/www/blog/protected/views/post/_view.php (6)
in /var/www/blog/protected/views/post/index.php (20)
in /var/www/blog/protected/controllers/PostController.php (128)
2013/12/17 22:51:54 [error] [exception.CDbException] exception 'CDbException' with message 'CDbCommand failed to execute the SQL statement: SQLSTATE[42S22]: Column not found: 1054 Unknown column 'comments.status' in 'where clause'. The SQL statement executed was: SELECT `author`.`id` AS `t1_c0`, `author`.`username` AS `t1_c1`, `author`.`password` AS `t1_c2`, `author`.`salt` AS `t1_c3`, `author`.`email` AS `t1_c4`, `author`.`profile` AS `t1_c5` FROM `tbl_user` `author`  WHERE (comments.status=2) AND (comments.status=2) AND (`author`.`id`=:ypl0) ORDER BY comments.create_time DESC' in /var/www/framework/db/CDbCommand.php:543
Stack trace:
#0 /var/www/framework/db/CDbCommand.php(396): CDbCommand->queryInternal('fetchAll', Array, Array)
#1 /var/www/framework/db/ar/CActiveFinder.php(803): CDbCommand->queryAll()
#2 /var/www/framework/db/ar/CActiveFinder.php(507): CJoinElement->runQuery(Object(CJoinQuery))
#3 /var/www/framework/db/ar/CActiveFinder.php(163): CJoinElement->lazyFind(Object(Post))
#4 /var/www/framework/db/ar/CActiveRecord.php(281): CActiveFinder->lazyFind(Object(Post))
#5 /var/www/framework/db/ar/CActiveRecord.php(143): CActiveRecord->getRelated('author')
#6 /var/www/blog/protected/views/post/_view.php(6): CActiveRecord->__get('author')
#7 /var/www/framework/web/CBaseController.php(130): require('/var/www/blog/p...')
#8 /var/www/framework/web/CBaseController.php(95): CBaseController->renderInternal('/var/www/blog/p...', Array, false)
#9 /var/www/framework/zii/widgets/CListView.php(291): CBaseController->renderFile('/var/www/blog/p...', Array)
#10 /var/www/framework/zii/widgets/CBaseListView.php(167): CListView->renderItems()
#11 [internal function]: CBaseListView->renderSection(Array)
#12 /var/www/framework/zii/widgets/CBaseListView.php(150): preg_replace_callback('/{(\w+)}/', Array, '{summary}?{sort...')
#13 /var/www/framework/zii/widgets/CBaseListView.php(135): CBaseListView->renderContent()
#14 /var/www/framework/web/CBaseController.php(173): CBaseListView->run()
#15 /var/www/blog/protected/views/post/index.php(20): CBaseController->widget('zii.widgets.CLi...', Array)
#16 /var/www/framework/web/CBaseController.php(126): require('/var/www/blog/p...')
#17 /var/www/framework/web/CBaseController.php(95): CBaseController->renderInternal('/var/www/blog/p...', Array, true)
#18 /var/www/framework/web/CController.php(869): CBaseController->renderFile('/var/www/blog/p...', Array, true)
#19 /var/www/framework/web/CController.php(782): CController->renderPartial('index', Array, true)
#20 /var/www/blog/protected/controllers/PostController.php(128): CController->render('index', Array)
#21 /var/www/framework/web/actions/CInlineAction.php(49): PostController->actionIndex()
#22 /var/www/framework/web/CController.php(308): CInlineAction->runWithParams(Array)
#23 /var/www/framework/web/filters/CFilterChain.php(133): CController->runAction(Object(CInlineAction))
#24 /var/www/framework/web/filters/CFilter.php(40): CFilterChain->run()
#25 /var/www/framework/web/CController.php(1145): CFilter->filter(Object(CFilterChain))
#26 /var/www/framework/web/filters/CInlineFilter.php(58): CController->filterAccessControl(Object(CFilterChain))
#27 /var/www/framework/web/filters/CFilterChain.php(130): CInlineFilter->filter(Object(CFilterChain))
#28 /var/www/framework/web/CController.php(291): CFilterChain->run()
#29 /var/www/framework/web/CController.php(265): CController->runActionWithFilters(Object(CInlineAction), Array)
#30 /var/www/framework/web/CWebApplication.php(282): CController->run('')
#31 /var/www/framework/web/CWebApplication.php(141): CWebApplication->runController('post')
#32 /var/www/framework/base/CApplication.php(180): CWebApplication->processRequest()
#33 /var/www/blog/index.php(13): CApplication->run()
#34 {main}
REQUEST_URI=/blog/index.php?r=post
---
2013/12/17 22:51:57 [error] [system.db.CDbCommand] CDbCommand::fetchAll() failed: SQLSTATE[42S22]: Column not found: 1054 Unknown column 'comments.status' in 'where clause'. The SQL statement executed was: SELECT `author`.`id` AS `t1_c0`, `author`.`username` AS `t1_c1`, `author`.`password` AS `t1_c2`, `author`.`salt` AS `t1_c3`, `author`.`email` AS `t1_c4`, `author`.`profile` AS `t1_c5` FROM `tbl_user` `author`  WHERE (comments.status=2) AND (comments.status=2) AND (`author`.`id`=:ypl0) ORDER BY comments.create_time DESC.
in /var/www/blog/protected/views/post/_view.php (6)
in /var/www/blog/protected/views/post/index.php (20)
in /var/www/blog/protected/controllers/PostController.php (128)
2013/12/17 22:51:57 [error] [exception.CDbException] exception 'CDbException' with message 'CDbCommand failed to execute the SQL statement: SQLSTATE[42S22]: Column not found: 1054 Unknown column 'comments.status' in 'where clause'. The SQL statement executed was: SELECT `author`.`id` AS `t1_c0`, `author`.`username` AS `t1_c1`, `author`.`password` AS `t1_c2`, `author`.`salt` AS `t1_c3`, `author`.`email` AS `t1_c4`, `author`.`profile` AS `t1_c5` FROM `tbl_user` `author`  WHERE (comments.status=2) AND (comments.status=2) AND (`author`.`id`=:ypl0) ORDER BY comments.create_time DESC' in /var/www/framework/db/CDbCommand.php:543
Stack trace:
#0 /var/www/framework/db/CDbCommand.php(396): CDbCommand->queryInternal('fetchAll', Array, Array)
#1 /var/www/framework/db/ar/CActiveFinder.php(803): CDbCommand->queryAll()
#2 /var/www/framework/db/ar/CActiveFinder.php(507): CJoinElement->runQuery(Object(CJoinQuery))
#3 /var/www/framework/db/ar/CActiveFinder.php(163): CJoinElement->lazyFind(Object(Post))
#4 /var/www/framework/db/ar/CActiveRecord.php(281): CActiveFinder->lazyFind(Object(Post))
#5 /var/www/framework/db/ar/CActiveRecord.php(143): CActiveRecord->getRelated('author')
#6 /var/www/blog/protected/views/post/_view.php(6): CActiveRecord->__get('author')
#7 /var/www/framework/web/CBaseController.php(130): require('/var/www/blog/p...')
#8 /var/www/framework/web/CBaseController.php(95): CBaseController->renderInternal('/var/www/blog/p...', Array, false)
#9 /var/www/framework/zii/widgets/CListView.php(291): CBaseController->renderFile('/var/www/blog/p...', Array)
#10 /var/www/framework/zii/widgets/CBaseListView.php(167): CListView->renderItems()
#11 [internal function]: CBaseListView->renderSection(Array)
#12 /var/www/framework/zii/widgets/CBaseListView.php(150): preg_replace_callback('/{(\w+)}/', Array, '{summary}?{sort...')
#13 /var/www/framework/zii/widgets/CBaseListView.php(135): CBaseListView->renderContent()
#14 /var/www/framework/web/CBaseController.php(173): CBaseListView->run()
#15 /var/www/blog/protected/views/post/index.php(20): CBaseController->widget('zii.widgets.CLi...', Array)
#16 /var/www/framework/web/CBaseController.php(126): require('/var/www/blog/p...')
#17 /var/www/framework/web/CBaseController.php(95): CBaseController->renderInternal('/var/www/blog/p...', Array, true)
#18 /var/www/framework/web/CController.php(869): CBaseController->renderFile('/var/www/blog/p...', Array, true)
#19 /var/www/framework/web/CController.php(782): CController->renderPartial('index', Array, true)
#20 /var/www/blog/protected/controllers/PostController.php(128): CController->render('index', Array)
#21 /var/www/framework/web/actions/CInlineAction.php(49): PostController->actionIndex()
#22 /var/www/framework/web/CController.php(308): CInlineAction->runWithParams(Array)
#23 /var/www/framework/web/filters/CFilterChain.php(133): CController->runAction(Object(CInlineAction))
#24 /var/www/framework/web/filters/CFilter.php(40): CFilterChain->run()
#25 /var/www/framework/web/CController.php(1145): CFilter->filter(Object(CFilterChain))
#26 /var/www/framework/web/filters/CInlineFilter.php(58): CController->filterAccessControl(Object(CFilterChain))
#27 /var/www/framework/web/filters/CFilterChain.php(130): CInlineFilter->filter(Object(CFilterChain))
#28 /var/www/framework/web/CController.php(291): CFilterChain->run()
#29 /var/www/framework/web/CController.php(265): CController->runActionWithFilters(Object(CInlineAction), Array)
#30 /var/www/framework/web/CWebApplication.php(282): CController->run('')
#31 /var/www/framework/web/CWebApplication.php(141): CWebApplication->runController('post')
#32 /var/www/framework/base/CApplication.php(180): CWebApplication->processRequest()
#33 /var/www/blog/index.php(13): CApplication->run()
#34 {main}
REQUEST_URI=/blog/index.php?r=post
---
2013/12/17 22:54:09 [error] [exception.CHttpException.400] exception 'CHttpException' with message 'Your request is invalid.' in /var/www/framework/web/CController.php:336
Stack trace:
#0 /var/www/framework/web/CController.php(309): CController->invalidActionParams(Object(CInlineAction))
#1 /var/www/framework/web/filters/CFilterChain.php(133): CController->runAction(Object(CInlineAction))
#2 /var/www/framework/web/filters/CFilter.php(40): CFilterChain->run()
#3 /var/www/framework/web/CController.php(1145): CFilter->filter(Object(CFilterChain))
#4 /var/www/framework/web/filters/CInlineFilter.php(58): CController->filterAccessControl(Object(CFilterChain))
#5 /var/www/framework/web/filters/CFilterChain.php(130): CInlineFilter->filter(Object(CFilterChain))
#6 /var/www/framework/web/CController.php(291): CFilterChain->run()
#7 /var/www/framework/web/CController.php(265): CController->runActionWithFilters(Object(CInlineAction), Array)
#8 /var/www/framework/web/CWebApplication.php(282): CController->run('view')
#9 /var/www/framework/web/CWebApplication.php(141): CWebApplication->runController('post/view')
#10 /var/www/framework/base/CApplication.php(180): CWebApplication->processRequest()
#11 /var/www/blog/index.php(13): CApplication->run()
#12 {main}
REQUEST_URI=/blog/index.php?r=post/view
---
2013/12/17 22:54:24 [error] [system.db.CDbCommand] CDbCommand::fetchAll() failed: SQLSTATE[42S22]: Column not found: 1054 Unknown column 'comments.status' in 'where clause'. The SQL statement executed was: SELECT `author`.`id` AS `t1_c0`, `author`.`username` AS `t1_c1`, `author`.`password` AS `t1_c2`, `author`.`salt` AS `t1_c3`, `author`.`email` AS `t1_c4`, `author`.`profile` AS `t1_c5` FROM `tbl_user` `author`  WHERE (comments.status=2) AND (comments.status=2) AND (`author`.`id`=:ypl0) ORDER BY comments.create_time DESC.
in /var/www/blog/protected/views/post/_view.php (6)
in /var/www/blog/protected/views/post/view.php (10)
in /var/www/blog/protected/controllers/PostController.php (56)
2013/12/17 22:54:24 [error] [exception.CDbException] exception 'CDbException' with message 'CDbCommand failed to execute the SQL statement: SQLSTATE[42S22]: Column not found: 1054 Unknown column 'comments.status' in 'where clause'. The SQL statement executed was: SELECT `author`.`id` AS `t1_c0`, `author`.`username` AS `t1_c1`, `author`.`password` AS `t1_c2`, `author`.`salt` AS `t1_c3`, `author`.`email` AS `t1_c4`, `author`.`profile` AS `t1_c5` FROM `tbl_user` `author`  WHERE (comments.status=2) AND (comments.status=2) AND (`author`.`id`=:ypl0) ORDER BY comments.create_time DESC' in /var/www/framework/db/CDbCommand.php:543
Stack trace:
#0 /var/www/framework/db/CDbCommand.php(396): CDbCommand->queryInternal('fetchAll', Array, Array)
#1 /var/www/framework/db/ar/CActiveFinder.php(803): CDbCommand->queryAll()
#2 /var/www/framework/db/ar/CActiveFinder.php(507): CJoinElement->runQuery(Object(CJoinQuery))
#3 /var/www/framework/db/ar/CActiveFinder.php(163): CJoinElement->lazyFind(Object(Post))
#4 /var/www/framework/db/ar/CActiveRecord.php(281): CActiveFinder->lazyFind(Object(Post))
#5 /var/www/framework/db/ar/CActiveRecord.php(143): CActiveRecord->getRelated('author')
#6 /var/www/blog/protected/views/post/_view.php(6): CActiveRecord->__get('author')
#7 /var/www/framework/web/CBaseController.php(126): require('/var/www/blog/p...')
#8 /var/www/framework/web/CBaseController.php(95): CBaseController->renderInternal('/var/www/blog/p...', Array, true)
#9 /var/www/framework/web/CController.php(869): CBaseController->renderFile('/var/www/blog/p...', Array, true)
#10 /var/www/blog/protected/views/post/view.php(10): CController->renderPartial('_view', Array)
#11 /var/www/framework/web/CBaseController.php(126): require('/var/www/blog/p...')
#12 /var/www/framework/web/CBaseController.php(95): CBaseController->renderInternal('/var/www/blog/p...', Array, true)
#13 /var/www/framework/web/CController.php(869): CBaseController->renderFile('/var/www/blog/p...', Array, true)
#14 /var/www/framework/web/CController.php(782): CController->renderPartial('view', Array, true)
#15 /var/www/blog/protected/controllers/PostController.php(56): CController->render('view', Array)
#16 [internal function]: PostController->actionView('1')
#17 /var/www/framework/web/actions/CAction.php(108): ReflectionMethod->invokeArgs(Object(PostController), Array)
#18 /var/www/framework/web/actions/CInlineAction.php(47): CAction->runWithParamsInternal(Object(PostController), Object(ReflectionMethod), Array)
#19 /var/www/framework/web/CController.php(308): CInlineAction->runWithParams(Array)
#20 /var/www/framework/web/filters/CFilterChain.php(133): CController->runAction(Object(CInlineAction))
#21 /var/www/framework/web/filters/CFilter.php(40): CFilterChain->run()
#22 /var/www/framework/web/CController.php(1145): CFilter->filter(Object(CFilterChain))
#23 /var/www/framework/web/filters/CInlineFilter.php(58): CController->filterAccessControl(Object(CFilterChain))
#24 /var/www/framework/web/filters/CFilterChain.php(130): CInlineFilter->filter(Object(CFilterChain))
#25 /var/www/framework/web/CController.php(291): CFilterChain->run()
#26 /var/www/framework/web/CController.php(265): CController->runActionWithFilters(Object(CInlineAction), Array)
#27 /var/www/framework/web/CWebApplication.php(282): CController->run('view')
#28 /var/www/framework/web/CWebApplication.php(141): CWebApplication->runController('post/view')
#29 /var/www/framework/base/CApplication.php(180): CWebApplication->processRequest()
#30 /var/www/blog/index.php(13): CApplication->run()
#31 {main}
REQUEST_URI=/blog/index.php?r=post/view&id=1
---
2013/12/17 22:55:44 [error] [exception.CException] exception 'CException' with message 'Property "Post.tagLinks" is not defined.' in /var/www/framework/base/CComponent.php:130
Stack trace:
#0 /var/www/framework/db/ar/CActiveRecord.php(145): CComponent->__get('tagLinks')
#1 /var/www/blog/protected/views/post/_view.php(17): CActiveRecord->__get('tagLinks')
#2 /var/www/framework/web/CBaseController.php(126): require('/var/www/blog/p...')
#3 /var/www/framework/web/CBaseController.php(95): CBaseController->renderInternal('/var/www/blog/p...', Array, true)
#4 /var/www/framework/web/CController.php(869): CBaseController->renderFile('/var/www/blog/p...', Array, true)
#5 /var/www/blog/protected/views/post/view.php(10): CController->renderPartial('_view', Array)
#6 /var/www/framework/web/CBaseController.php(126): require('/var/www/blog/p...')
#7 /var/www/framework/web/CBaseController.php(95): CBaseController->renderInternal('/var/www/blog/p...', Array, true)
#8 /var/www/framework/web/CController.php(869): CBaseController->renderFile('/var/www/blog/p...', Array, true)
#9 /var/www/framework/web/CController.php(782): CController->renderPartial('view', Array, true)
#10 /var/www/blog/protected/controllers/PostController.php(56): CController->render('view', Array)
#11 [internal function]: PostController->actionView('1')
#12 /var/www/framework/web/actions/CAction.php(108): ReflectionMethod->invokeArgs(Object(PostController), Array)
#13 /var/www/framework/web/actions/CInlineAction.php(47): CAction->runWithParamsInternal(Object(PostController), Object(ReflectionMethod), Array)
#14 /var/www/framework/web/CController.php(308): CInlineAction->runWithParams(Array)
#15 /var/www/framework/web/filters/CFilterChain.php(133): CController->runAction(Object(CInlineAction))
#16 /var/www/framework/web/filters/CFilter.php(40): CFilterChain->run()
#17 /var/www/framework/web/CController.php(1145): CFilter->filter(Object(CFilterChain))
#18 /var/www/framework/web/filters/CInlineFilter.php(58): CController->filterAccessControl(Object(CFilterChain))
#19 /var/www/framework/web/filters/CFilterChain.php(130): CInlineFilter->filter(Object(CFilterChain))
#20 /var/www/framework/web/CController.php(291): CFilterChain->run()
#21 /var/www/framework/web/CController.php(265): CController->runActionWithFilters(Object(CInlineAction), Array)
#22 /var/www/framework/web/CWebApplication.php(282): CController->run('view')
#23 /var/www/framework/web/CWebApplication.php(141): CWebApplication->runController('post/view')
#24 /var/www/framework/base/CApplication.php(180): CWebApplication->processRequest()
#25 /var/www/blog/index.php(13): CApplication->run()
#26 {main}
REQUEST_URI=/blog/index.php?r=post/view&id=1
---
2013/12/17 22:56:25 [error] [php] Undefined variable: comment (/var/www/blog/protected/views/post/view.php:32)
Stack trace:
#0 /var/www/framework/web/CController.php(869): PostController->renderFile()
#1 /var/www/framework/web/CController.php(782): PostController->renderPartial()
#2 /var/www/blog/protected/controllers/PostController.php(56): PostController->render()
#3 unknown(0): PostController->actionView()
#4 /var/www/framework/web/actions/CAction.php(108): ReflectionMethod->invokeArgs()
#5 /var/www/framework/web/actions/CInlineAction.php(47): CInlineAction->runWithParamsInternal()
#6 /var/www/framework/web/CController.php(308): CInlineAction->runWithParams()
#7 /var/www/framework/web/filters/CFilterChain.php(133): PostController->runAction()
#8 /var/www/framework/web/filters/CFilter.php(40): CFilterChain->run()
#9 /var/www/framework/web/CController.php(1145): CAccessControlFilter->filter()
#10 /var/www/framework/web/filters/CInlineFilter.php(58): PostController->filterAccessControl()
#11 /var/www/framework/web/filters/CFilterChain.php(130): CInlineFilter->filter()
#12 /var/www/framework/web/CController.php(291): CFilterChain->run()
#13 /var/www/framework/web/CController.php(265): PostController->runActionWithFilters()
#14 /var/www/framework/web/CWebApplication.php(282): PostController->run()
#15 /var/www/framework/web/CWebApplication.php(141): CWebApplication->runController()
#16 /var/www/framework/base/CApplication.php(180): CWebApplication->processRequest()
#17 /var/www/blog/index.php(13): CWebApplication->run()
REQUEST_URI=/blog/index.php?r=post/view&id=1
in /var/www/blog/protected/views/post/view.php (32)
in /var/www/blog/protected/controllers/PostController.php (56)
in /var/www/blog/index.php (13)
2013/12/17 22:57:34 [error] [exception.CException] exception 'CException' with message 'PostController cannot find the requested view "_comments".' in /var/www/framework/web/CController.php:878
Stack trace:
#0 /var/www/blog/protected/views/post/view.php(21): CController->renderPartial('_comments', Array)
#1 /var/www/framework/web/CBaseController.php(126): require('/var/www/blog/p...')
#2 /var/www/framework/web/CBaseController.php(95): CBaseController->renderInternal('/var/www/blog/p...', Array, true)
#3 /var/www/framework/web/CController.php(869): CBaseController->renderFile('/var/www/blog/p...', Array, true)
#4 /var/www/framework/web/CController.php(782): CController->renderPartial('view', Array, true)
#5 /var/www/blog/protected/controllers/PostController.php(56): CController->render('view', Array)
#6 [internal function]: PostController->actionView('2')
#7 /var/www/framework/web/actions/CAction.php(108): ReflectionMethod->invokeArgs(Object(PostController), Array)
#8 /var/www/framework/web/actions/CInlineAction.php(47): CAction->runWithParamsInternal(Object(PostController), Object(ReflectionMethod), Array)
#9 /var/www/framework/web/CController.php(308): CInlineAction->runWithParams(Array)
#10 /var/www/framework/web/filters/CFilterChain.php(133): CController->runAction(Object(CInlineAction))
#11 /var/www/framework/web/filters/CFilter.php(40): CFilterChain->run()
#12 /var/www/framework/web/CController.php(1145): CFilter->filter(Object(CFilterChain))
#13 /var/www/framework/web/filters/CInlineFilter.php(58): CController->filterAccessControl(Object(CFilterChain))
#14 /var/www/framework/web/filters/CFilterChain.php(130): CInlineFilter->filter(Object(CFilterChain))
#15 /var/www/framework/web/CController.php(291): CFilterChain->run()
#16 /var/www/framework/web/CController.php(265): CController->runActionWithFilters(Object(CInlineAction), Array)
#17 /var/www/framework/web/CWebApplication.php(282): CController->run('view')
#18 /var/www/framework/web/CWebApplication.php(141): CWebApplication->runController('post/view')
#19 /var/www/framework/base/CApplication.php(180): CWebApplication->processRequest()
#20 /var/www/blog/index.php(13): CApplication->run()
#21 {main}
REQUEST_URI=/blog/index.php?r=post/view&id=2
---
2013/12/17 22:57:47 [error] [exception.CHttpException.400] exception 'CHttpException' with message 'Your request is invalid.' in /var/www/framework/web/CController.php:336
Stack trace:
#0 /var/www/framework/web/CController.php(309): CController->invalidActionParams(Object(CInlineAction))
#1 /var/www/framework/web/filters/CFilterChain.php(133): CController->runAction(Object(CInlineAction))
#2 /var/www/framework/web/filters/CFilter.php(40): CFilterChain->run()
#3 /var/www/framework/web/CController.php(1145): CFilter->filter(Object(CFilterChain))
#4 /var/www/framework/web/filters/CInlineFilter.php(58): CController->filterAccessControl(Object(CFilterChain))
#5 /var/www/framework/web/filters/CFilterChain.php(130): CInlineFilter->filter(Object(CFilterChain))
#6 /var/www/framework/web/CController.php(291): CFilterChain->run()
#7 /var/www/framework/web/CController.php(265): CController->runActionWithFilters(Object(CInlineAction), Array)
#8 /var/www/framework/web/CWebApplication.php(282): CController->run('view')
#9 /var/www/framework/web/CWebApplication.php(141): CWebApplication->runController('post/view')
#10 /var/www/framework/base/CApplication.php(180): CWebApplication->processRequest()
#11 /var/www/blog/index.php(13): CApplication->run()
#12 {main}
REQUEST_URI=/blog/index.php?r=post/view
---
2013/12/17 22:57:59 [error] [exception.CException] exception 'CException' with message 'PostController cannot find the requested view "_comments".' in /var/www/framework/web/CController.php:878
Stack trace:
#0 /var/www/blog/protected/views/post/view.php(21): CController->renderPartial('_comments', Array)
#1 /var/www/framework/web/CBaseController.php(126): require('/var/www/blog/p...')
#2 /var/www/framework/web/CBaseController.php(95): CBaseController->renderInternal('/var/www/blog/p...', Array, true)
#3 /var/www/framework/web/CController.php(869): CBaseController->renderFile('/var/www/blog/p...', Array, true)
#4 /var/www/framework/web/CController.php(782): CController->renderPartial('view', Array, true)
#5 /var/www/blog/protected/controllers/PostController.php(56): CController->render('view', Array)
#6 [internal function]: PostController->actionView('2')
#7 /var/www/framework/web/actions/CAction.php(108): ReflectionMethod->invokeArgs(Object(PostController), Array)
#8 /var/www/framework/web/actions/CInlineAction.php(47): CAction->runWithParamsInternal(Object(PostController), Object(ReflectionMethod), Array)
#9 /var/www/framework/web/CController.php(308): CInlineAction->runWithParams(Array)
#10 /var/www/framework/web/filters/CFilterChain.php(133): CController->runAction(Object(CInlineAction))
#11 /var/www/framework/web/filters/CFilter.php(40): CFilterChain->run()
#12 /var/www/framework/web/CController.php(1145): CFilter->filter(Object(CFilterChain))
#13 /var/www/framework/web/filters/CInlineFilter.php(58): CController->filterAccessControl(Object(CFilterChain))
#14 /var/www/framework/web/filters/CFilterChain.php(130): CInlineFilter->filter(Object(CFilterChain))
#15 /var/www/framework/web/CController.php(291): CFilterChain->run()
#16 /var/www/framework/web/CController.php(265): CController->runActionWithFilters(Object(CInlineAction), Array)
#17 /var/www/framework/web/CWebApplication.php(282): CController->run('view')
#18 /var/www/framework/web/CWebApplication.php(141): CWebApplication->runController('post/view')
#19 /var/www/framework/base/CApplication.php(180): CWebApplication->processRequest()
#20 /var/www/blog/index.php(13): CApplication->run()
#21 {main}
REQUEST_URI=/blog/index.php?r=post/view&id=2&title=A+Test+Post
HTTP_REFERER=http://localhost/blog/index.php?r=post
---
2013/12/17 22:58:03 [error] [exception.CException] exception 'CException' with message 'PostController cannot find the requested view "_comments".' in /var/www/framework/web/CController.php:878
Stack trace:
#0 /var/www/blog/protected/views/post/view.php(21): CController->renderPartial('_comments', Array)
#1 /var/www/framework/web/CBaseController.php(126): require('/var/www/blog/p...')
#2 /var/www/framework/web/CBaseController.php(95): CBaseController->renderInternal('/var/www/blog/p...', Array, true)
#3 /var/www/framework/web/CController.php(869): CBaseController->renderFile('/var/www/blog/p...', Array, true)
#4 /var/www/framework/web/CController.php(782): CController->renderPartial('view', Array, true)
#5 /var/www/blog/protected/controllers/PostController.php(56): CController->render('view', Array)
#6 [internal function]: PostController->actionView('2')
#7 /var/www/framework/web/actions/CAction.php(108): ReflectionMethod->invokeArgs(Object(PostController), Array)
#8 /var/www/framework/web/actions/CInlineAction.php(47): CAction->runWithParamsInternal(Object(PostController), Object(ReflectionMethod), Array)
#9 /var/www/framework/web/CController.php(308): CInlineAction->runWithParams(Array)
#10 /var/www/framework/web/filters/CFilterChain.php(133): CController->runAction(Object(CInlineAction))
#11 /var/www/framework/web/filters/CFilter.php(40): CFilterChain->run()
#12 /var/www/framework/web/CController.php(1145): CFilter->filter(Object(CFilterChain))
#13 /var/www/framework/web/filters/CInlineFilter.php(58): CController->filterAccessControl(Object(CFilterChain))
#14 /var/www/framework/web/filters/CFilterChain.php(130): CInlineFilter->filter(Object(CFilterChain))
#15 /var/www/framework/web/CController.php(291): CFilterChain->run()
#16 /var/www/framework/web/CController.php(265): CController->runActionWithFilters(Object(CInlineAction), Array)
#17 /var/www/framework/web/CWebApplication.php(282): CController->run('view')
#18 /var/www/framework/web/CWebApplication.php(141): CWebApplication->runController('post/view')
#19 /var/www/framework/base/CApplication.php(180): CWebApplication->processRequest()
#20 /var/www/blog/index.php(13): CApplication->run()
#21 {main}
REQUEST_URI=/blog/index.php?r=post/view&id=2&title=A+Test+Post
HTTP_REFERER=http://localhost/blog/index.php?r=post
---
